<?xml version="1.0" encoding="UTF-8"?>
<!-- Generated by org.testng.reporters.JUnitReportReporter -->
<testsuite skipped="0" hostname="prashant" name="testNG.Sample3" tests="2" failures="0" timestamp="2022-05-25T15:58:08 IST" time="0.016" errors="0">
  <testcase name="testCase5" time="0.016" classname="testNG.Sample3"/>
  <system-out/>
  <testcase name="testCase6" time="0.000" classname="testNG.Sample3"/>
  <system-out/>
</testsuite> <!-- testNG.Sample3 -->
