<?xml version="1.0" encoding="UTF-8"?>
<!-- Generated by org.testng.reporters.JUnitReportReporter -->
<testsuite skipped="0" hostname="prashant" name="testNG.Sample4" tests="2" failures="0" timestamp="2022-05-25T15:59:29 IST" time="0.016" errors="0">
  <testcase name="testCase7" time="0.016" classname="testNG.Sample4"/>
  <system-out/>
  <testcase name="testCase8" time="0.000" classname="testNG.Sample4"/>
  <system-out/>
</testsuite> <!-- testNG.Sample4 -->
