<?xml version="1.0" encoding="UTF-8"?>
<!-- Generated by org.testng.reporters.JUnitReportReporter -->
<testsuite skipped="0" hostname="prashant" name="testNG.Para2" tests="3" failures="0" timestamp="2022-05-25T18:00:37 IST" time="0.016" errors="0">
  <testcase name="login" time="0.016" classname="testNG.Para2"/>
  <system-out/>
  <testcase name="sendEmail" time="0.000" classname="testNG.Para2"/>
  <system-out/>
  <testcase name="logout" time="0.000" classname="testNG.Para2"/>
  <system-out/>
</testsuite> <!-- testNG.Para2 -->
