<?xml version="1.0" encoding="UTF-8"?>
<!-- Generated by org.testng.reporters.JUnitReportReporter -->
<testsuite skipped="1" hostname="prashant" name="testNG.Para3" tests="3" failures="0" timestamp="2022-05-25T18:02:29 IST" time="0.000" errors="0">
  <testcase name="param1" time="0.000" classname="testNG.Para3"/>
  <system-out/>
  <testcase name="param3" time="0.000" classname="testNG.Para3"/>
  <system-out/>
  <testcase name="param2" classname="testNG.Para3">
    <skipped/>
  </testcase> <!-- param2 -->
  <system-out/>
</testsuite> <!-- testNG.Para3 -->
