<?xml version="1.0" encoding="UTF-8"?>
<!-- Generated by org.testng.reporters.JUnitReportReporter -->
<testsuite skipped="0" hostname="prashant" name="testNG.Sample" tests="1" failures="0" timestamp="2022-05-25T15:29:08 IST" time="0.016" errors="0">
  <testcase name="smokeTC" time="0.016" classname="testNG.Sample"/>
  <system-out/>
</testsuite> <!-- testNG.Sample -->
