<?xml version="1.0" encoding="UTF-8"?>
<!-- Generated by org.testng.reporters.JUnitReportReporter -->
<testsuite skipped="0" hostname="prashant" name="testNG.Para1" tests="5" failures="0" timestamp="2022-05-25T17:59:28 IST" time="0.016" errors="0">
  <testcase name="param1" time="0.016" classname="testNG.Para1"/>
  <system-out/>
  <testcase name="param1" time="0.000" classname="testNG.Para1"/>
  <system-out/>
  <testcase name="param1" time="0.000" classname="testNG.Para1"/>
  <system-out/>
  <testcase name="param1" time="0.000" classname="testNG.Para1"/>
  <system-out/>
  <testcase name="param1" time="0.000" classname="testNG.Para1"/>
  <system-out/>
</testsuite> <!-- testNG.Para1 -->
