<?xml version="1.0" encoding="UTF-8"?>
<!-- Generated by org.testng.reporters.JUnitReportReporter -->
<testsuite skipped="0" hostname="prashant" name="testNG.Sample2" tests="1" failures="0" timestamp="2022-05-25T15:36:14 IST" time="0.013" errors="0">
  <testcase name="regrassion" time="0.013" classname="testNG.Sample2"/>
  <system-out/>
</testsuite> <!-- testNG.Sample2 -->
