<?xml version="1.0" encoding="UTF-8"?>
<!-- Generated by org.testng.reporters.JUnitReportReporter -->
<testsuite skipped="0" hostname="prashant" name="testNG.Assert2" tests="1" failures="0" timestamp="2022-05-25T16:31:07 IST" time="12.801" errors="0">
  <testcase name="loginPageValidationInActitimeApplication" time="12.801" classname="testNG.Assert2"/>
  <system-out/>
</testsuite> <!-- testNG.Assert2 -->
